# JRE version: Java(TM) SE Runtime Environment (8.0_211-b12) (build 1.8.0_211-b12)
# Java VM: Java HotSpot(TM) 64-Bit Server VM (25.211-b12 mixed mode windows-amd64 compressed oops)
Heap:
 PSYoungGen      total 33280K, used 27476K [0x00000000ec000000, 0x00000000f0c00000, 0x0000000100000000)
  eden space 30720K, 81% used [0x00000000ec000000,0x00000000ed85d2b0,0x00000000ede00000)
  from space 2560K, 98% used [0x00000000ede00000,0x00000000ee078020,0x00000000ee080000)
  to   space 8192K, 0% used [0x00000000f0400000,0x00000000f0400000,0x00000000f0c00000)
 ParOldGen       total 40960K, used 10689K [0x00000000c4000000, 0x00000000c6800000, 0x00000000ec000000)
  object space 40960K, 26% used [0x00000000c4000000,0x00000000c4a70628,0x00000000c6800000)
 Metaspace       used 15175K, capacity 15476K, committed 15872K, reserved 1062912K
  class space    used 1833K, capacity 1944K, committed 2048K, reserved 1048576K
GC Heap History (10 events):
Event: 4.264 GC heap before
{Heap before GC invocations=1 (full 0):
 PSYoungGen      total 17920K, used 15360K [0x00000000ec000000, 0x00000000ed400000, 0x0000000100000000)
  eden space 15360K, 100% used [0x00000000ec000000,0x00000000ecf00000,0x00000000ecf00000)
  from space 2560K, 0% used [0x00000000ed180000,0x00000000ed180000,0x00000000ed400000)
  to   space 2560K, 0% used [0x00000000ecf00000,0x00000000ecf00000,0x00000000ed180000)
 ParOldGen       total 40960K, used 0K [0x00000000c4000000, 0x00000000c6800000, 0x00000000ec000000)
  object space 40960K, 0% used [0x00000000c4000000,0x00000000c4000000,0x00000000c6800000)
 Metaspace       used 7009K, capacity 7176K, committed 7296K, reserved 1056768K
  class space    used 798K, capacity 860K, committed 896K, reserved 1048576K
Event: 4.286 GC heap after
Heap after GC invocations=1 (full 0):
 PSYoungGen      total 17920K, used 2547K [0x00000000ec000000, 0x00000000ed400000, 0x0000000100000000)
  eden space 15360K, 0% used [0x00000000ec000000,0x00000000ec000000,0x00000000ecf00000)
  from space 2560K, 99% used [0x00000000ecf00000,0x00000000ed17ce98,0x00000000ed180000)
  to   space 2560K, 0% used [0x00000000ed180000,0x00000000ed180000,0x00000000ed400000)
 ParOldGen       total 40960K, used 680K [0x00000000c4000000, 0x00000000c6800000, 0x00000000ec000000)
  object space 40960K, 1% used [0x00000000c4000000,0x00000000c40aa1d8,0x00000000c6800000)
 Metaspace       used 7009K, capacity 7176K, committed 7296K, reserved 1056768K
  class space    used 798K, capacity 860K, committed 896K, reserved 1048576K
}
Event: 5.067 GC heap before
{Heap before GC invocations=2 (full 0):
 PSYoungGen      total 17920K, used 17907K [0x00000000ec000000, 0x00000000ed400000, 0x0000000100000000)
  eden space 15360K, 100% used [0x00000000ec000000,0x00000000ecf00000,0x00000000ecf00000)
  from space 2560K, 99% used [0x00000000ecf00000,0x00000000ed17ce98,0x00000000ed180000)
  to   space 2560K, 0% used [0x00000000ed180000,0x00000000ed180000,0x00000000ed400000)
 ParOldGen       total 40960K, used 680K [0x00000000c4000000, 0x00000000c6800000, 0x00000000ec000000)
  object space 40960K, 1% used [0x00000000c4000000,0x00000000c40aa1d8,0x00000000c6800000)
 Metaspace       used 8526K, capacity 8712K, committed 8832K, reserved 1056768K
  class space    used 1042K, capacity 1116K, committed 1152K, reserved 1048576K
Event: 5.096 GC heap after
Heap after GC invocations=2 (full 0):
 PSYoungGen      total 17920K, used 2551K [0x00000000ec000000, 0x00000000ee300000, 0x0000000100000000)
  eden space 15360K, 0% used [0x00000000ec000000,0x00000000ec000000,0x00000000ecf00000)
  from space 2560K, 99% used [0x00000000ed180000,0x00000000ed3fdcb8,0x00000000ed400000)
  to   space 2560K, 0% used [0x00000000ecf00000,0x00000000ecf00000,0x00000000ed180000)
 ParOldGen       total 40960K, used 1273K [0x00000000c4000000, 0x00000000c6800000, 0x00000000ec000000)
  object space 40960K, 3% used [0x00000000c4000000,0x00000000c413e7d0,0x00000000c6800000)
 Metaspace       used 8526K, capacity 8712K, committed 8832K, reserved 1056768K
  class space    used 1042K, capacity 1116K, committed 1152K, reserved 1048576K
}
Event: 5.668 GC heap before
{Heap before GC invocations=3 (full 0):
 PSYoungGen      total 17920K, used 17911K [0x00000000ec000000, 0x00000000ee300000, 0x0000000100000000)
  eden space 15360K, 100% used [0x00000000ec000000,0x00000000ecf00000,0x00000000ecf00000)
  from space 2560K, 99% used [0x00000000ed180000,0x00000000ed3fdcb8,0x00000000ed400000)
  to   space 2560K, 0% used [0x00000000ecf00000,0x00000000ecf00000,0x00000000ed180000)
 ParOldGen       total 40960K, used 1273K [0x00000000c4000000, 0x00000000c6800000, 0x00000000ec000000)
  object space 40960K, 3% used [0x00000000c4000000,0x00000000c413e7d0,0x00000000c6800000)
 Metaspace       used 9957K, capacity 10170K, committed 10240K, reserved 1058816K
  class space    used 1215K, capacity 1280K, committed 1280K, reserved 1048576K
Event: 5.683 GC heap after
Heap after GC invocations=3 (full 0):
 PSYoungGen      total 17920K, used 2555K [0x00000000ec000000, 0x00000000ee300000, 0x0000000100000000)
  eden space 15360K, 0% used [0x00000000ec000000,0x00000000ec000000,0x00000000ecf00000)
  from space 2560K, 99% used [0x00000000ecf00000,0x00000000ed17edc0,0x00000000ed180000)
  to   space 2560K, 0% used [0x00000000ee080000,0x00000000ee080000,0x00000000ee300000)
 ParOldGen       total 40960K, used 2740K [0x00000000c4000000, 0x00000000c6800000, 0x00000000ec000000)
  object space 40960K, 6% used [0x00000000c4000000,0x00000000c42ad0a8,0x00000000c6800000)
 Metaspace       used 9957K, capacity 10170K, committed 10240K, reserved 1058816K
  class space    used 1215K, capacity 1280K, committed 1280K, reserved 1048576K
}
Event: 6.179 GC heap before
{Heap before GC invocations=4 (full 0):
 PSYoungGen      total 17920K, used 17915K [0x00000000ec000000, 0x00000000ee300000, 0x0000000100000000)
  eden space 15360K, 100% used [0x00000000ec000000,0x00000000ecf00000,0x00000000ecf00000)
  from space 2560K, 99% used [0x00000000ecf00000,0x00000000ed17edc0,0x00000000ed180000)
  to   space 2560K, 0% used [0x00000000ee080000,0x00000000ee080000,0x00000000ee300000)
 ParOldGen       total 40960K, used 2740K [0x00000000c4000000, 0x00000000c6800000, 0x00000000ec000000)
  object space 40960K, 6% used [0x00000000c4000000,0x00000000c42ad0a8,0x00000000c6800000)
 Metaspace       used 11924K, capacity 12116K, committed 12416K, reserved 1060864K
  class space    used 1479K, capacity 1544K, committed 1664K, reserved 1048576K
Event: 6.194 GC heap after
Heap after GC invocations=4 (full 0):
 PSYoungGen      total 33280K, used 2544K [0x00000000ec000000, 0x00000000ee300000, 0x0000000100000000)
  eden space 30720K, 0% used [0x00000000ec000000,0x00000000ec000000,0x00000000ede00000)
  from space 2560K, 99% used [0x00000000ee080000,0x00000000ee2fc010,0x00000000ee300000)
  to   space 2560K, 0% used [0x00000000ede00000,0x00000000ede00000,0x00000000ee080000)
 ParOldGen       total 40960K, used 5084K [0x00000000c4000000, 0x00000000c6800000, 0x00000000ec000000)
  object space 40960K, 12% used [0x00000000c4000000,0x00000000c44f7148,0x00000000c6800000)
 Metaspace       used 11924K, capacity 12116K, committed 12416K, reserved 1060864K
  class space    used 1479K, capacity 1544K, committed 1664K, reserved 1048576K
}
Event: 8.209 GC heap before
{Heap before GC invocations=5 (full 0):
 PSYoungGen      total 33280K, used 33264K [0x00000000ec000000, 0x00000000ee300000, 0x0000000100000000)
  eden space 30720K, 100% used [0x00000000ec000000,0x00000000ede00000,0x00000000ede00000)
  from space 2560K, 99% used [0x00000000ee080000,0x00000000ee2fc010,0x00000000ee300000)
  to   space 2560K, 0% used [0x00000000ede00000,0x00000000ede00000,0x00000000ee080000)
 ParOldGen       total 40960K, used 5084K [0x00000000c4000000, 0x00000000c6800000, 0x00000000ec000000)
  object space 40960K, 12% used [0x00000000c4000000,0x00000000c44f7148,0x00000000c6800000)
 Metaspace       used 14986K, capacity 15272K, committed 15616K, reserved 1062912K
  class space    used 1830K, capacity 1942K, committed 2048K, reserved 1048576K
Event: 8.243 GC heap after
Heap after GC invocations=5 (full 0):
 PSYoungGen      total 33280K, used 2528K [0x00000000ec000000, 0x00000000f0c00000, 0x0000000100000000)
  eden space 30720K, 0% used [0x00000000ec000000,0x00000000ec000000,0x00000000ede00000)
  from space 2560K, 98% used [0x00000000ede00000,0x00000000ee078020,0x00000000ee080000)
  to   space 8192K, 0% used [0x00000000f0400000,0x00000000f0400000,0x00000000f0c00000)
 ParOldGen       total 40960K, used 10689K [0x00000000c4000000, 0x00000000c6800000, 0x00000000ec000000)
  object space 40960K, 26% used [0x00000000c4000000,0x00000000c4a70628,0x00000000c6800000)
 Metaspace       used 14986K, capacity 15272K, committed 15616K, reserved 1062912K
  class space    used 1830K, capacity 1942K, committed 2048K, reserved 1048576K
}

